<?xml version="1.0" encoding="UTF-8"?>
<!-- Generated by org.testng.reporters.JUnitReportReporter -->
<testsuite skipped="0" hostname="SBMAC0385.local" name="com.qa.testcases.HomePageTest" tests="2" failures="0" timestamp="23 Jan 2019 04:38:05 GMT" time="30.791" errors="1">
  <testcase name="Basicfucntioanlities" time="17.203" classname="com.qa.testcases.HomePageTest"/>
  <testcase name="Popuphandling" time="13.588" classname="com.qa.testcases.HomePageTest">
    <error type="org.openqa.selenium.UnsupportedCommandException" message="Method has not yet been implemented
Build info: version: &#039;3.141.59&#039;, revision: &#039;e82be7d358&#039;, time: &#039;2018-11-14T08:17:03&#039;
System info: host: &#039;SBMAC0385.local&#039;, ip: &#039;fe80:0:0:0:1890:4de0:2c0b:f898%en0&#039;, os.name: &#039;Mac OS X&#039;, os.arch: &#039;x86_64&#039;, os.version: &#039;10.13.6&#039;, java.version: &#039;1.8.0_91&#039;
Driver info: io.appium.java_client.android.AndroidDriver
Capabilities {CapabilityType.BROWSER_NAME: Android, app: /Users/ishans/APK/selendroi..., appActivity: io.selendroid.testapp.HomeS..., appPackage: io.selendroid.testapp, databaseEnabled: false, desired: {CapabilityType.BROWSER_NAME: Android, app: /Users/ishans/APK/selendroi..., appActivity: io.selendroid.testapp.HomeS..., appPackage: io.selendroid.testapp, deviceName: Samsung, platformName: android, platformVersion: 7.0}, deviceManufacturer: motorola, deviceModel: Moto G (4), deviceName: ZY223HP569, deviceScreenSize: 1080x1920, deviceUDID: ZY223HP569, javascriptEnabled: true, locationContextEnabled: false, networkConnectionEnabled: true, platform: LINUX, platformName: Android, platformVersion: 7.0, takesScreenshot: true, warnings: {}, webStorageEnabled: false}
Session ID: 549d7eed-5434-4f1c-bd6b-5a6c8999b058">
      <![CDATA[org.openqa.selenium.UnsupportedCommandException: Method has not yet been implemented
Build info: version: '3.141.59', revision: 'e82be7d358', time: '2018-11-14T08:17:03'
System info: host: 'SBMAC0385.local', ip: 'fe80:0:0:0:1890:4de0:2c0b:f898%en0', os.name: 'Mac OS X', os.arch: 'x86_64', os.version: '10.13.6', java.version: '1.8.0_91'
Driver info: io.appium.java_client.android.AndroidDriver
Capabilities {CapabilityType.BROWSER_NAME: Android, app: /Users/ishans/APK/selendroi..., appActivity: io.selendroid.testapp.HomeS..., appPackage: io.selendroid.testapp, databaseEnabled: false, desired: {CapabilityType.BROWSER_NAME: Android, app: /Users/ishans/APK/selendroi..., appActivity: io.selendroid.testapp.HomeS..., appPackage: io.selendroid.testapp, deviceName: Samsung, platformName: android, platformVersion: 7.0}, deviceManufacturer: motorola, deviceModel: Moto G (4), deviceName: ZY223HP569, deviceScreenSize: 1080x1920, deviceUDID: ZY223HP569, javascriptEnabled: true, locationContextEnabled: false, networkConnectionEnabled: true, platform: LINUX, platformName: Android, platformVersion: 7.0, takesScreenshot: true, warnings: {}, webStorageEnabled: false}
Session ID: 549d7eed-5434-4f1c-bd6b-5a6c8999b058
at sun.reflect.NativeConstructorAccessorImpl.newInstance0(Native Method)
at sun.reflect.NativeConstructorAccessorImpl.newInstance(NativeConstructorAccessorImpl.java:62)
at sun.reflect.DelegatingConstructorAccessorImpl.newInstance(DelegatingConstructorAccessorImpl.java:45)
at java.lang.reflect.Constructor.newInstance(Constructor.java:423)
at org.openqa.selenium.remote.http.W3CHttpResponseCodec.createException(W3CHttpResponseCodec.java:187)
at org.openqa.selenium.remote.http.W3CHttpResponseCodec.decode(W3CHttpResponseCodec.java:122)
at org.openqa.selenium.remote.http.W3CHttpResponseCodec.decode(W3CHttpResponseCodec.java:49)
at org.openqa.selenium.remote.HttpCommandExecutor.execute(HttpCommandExecutor.java:158)
at io.appium.java_client.remote.AppiumCommandExecutor.execute(AppiumCommandExecutor.java:231)
at org.openqa.selenium.remote.RemoteWebDriver.execute(RemoteWebDriver.java:552)
at io.appium.java_client.DefaultGenericMobileDriver.execute(DefaultGenericMobileDriver.java:46)
at io.appium.java_client.AppiumDriver.execute(AppiumDriver.java:1)
at io.appium.java_client.android.AndroidDriver.execute(AndroidDriver.java:1)
at org.openqa.selenium.remote.RemoteWebDriver$RemoteTargetLocator.alert(RemoteWebDriver.java:932)
at org.openqa.selenium.support.events.EventFiringWebDriver$EventFiringTargetLocator.alert(EventFiringWebDriver.java:735)
at org.openqa.selenium.support.ui.ExpectedConditions$28.apply(ExpectedConditions.java:806)
at org.openqa.selenium.support.ui.ExpectedConditions$28.apply(ExpectedConditions.java:802)
at org.openqa.selenium.support.ui.FluentWait.until(FluentWait.java:249)
at com.qa.pages.HomePage.PopupAlert(HomePage.java:68)
at com.qa.testcases.HomePageTest.Popuphandling(HomePageTest.java:47)
at sun.reflect.NativeMethodAccessorImpl.invoke0(Native Method)
at sun.reflect.NativeMethodAccessorImpl.invoke(NativeMethodAccessorImpl.java:62)
at sun.reflect.DelegatingMethodAccessorImpl.invoke(DelegatingMethodAccessorImpl.java:43)
at java.lang.reflect.Method.invoke(Method.java:498)
at org.testng.internal.MethodInvocationHelper.invokeMethod(MethodInvocationHelper.java:124)
at org.testng.internal.Invoker.invokeMethod(Invoker.java:580)
at org.testng.internal.Invoker.invokeTestMethod(Invoker.java:716)
at org.testng.internal.Invoker.invokeTestMethods(Invoker.java:988)
at org.testng.internal.TestMethodWorker.invokeTestMethods(TestMethodWorker.java:125)
at org.testng.internal.TestMethodWorker.run(TestMethodWorker.java:109)
at org.testng.TestRunner.privateRun(TestRunner.java:648)
at org.testng.TestRunner.run(TestRunner.java:505)
at org.testng.SuiteRunner.runTest(SuiteRunner.java:455)
at org.testng.SuiteRunner.runSequentially(SuiteRunner.java:450)
at org.testng.SuiteRunner.privateRun(SuiteRunner.java:415)
at org.testng.SuiteRunner.run(SuiteRunner.java:364)
at org.testng.SuiteRunnerWorker.runSuite(SuiteRunnerWorker.java:52)
at org.testng.SuiteRunnerWorker.run(SuiteRunnerWorker.java:84)
at org.testng.TestNG.runSuitesSequentially(TestNG.java:1208)
at org.testng.TestNG.runSuitesLocally(TestNG.java:1137)
at org.testng.TestNG.runSuites(TestNG.java:1049)
at org.testng.TestNG.run(TestNG.java:1017)
at org.testng.remote.AbstractRemoteTestNG.run(AbstractRemoteTestNG.java:114)
at org.testng.remote.RemoteTestNG.initAndRun(RemoteTestNG.java:251)
at org.testng.remote.RemoteTestNG.main(RemoteTestNG.java:77)
]]>
    </error>
  </testcase> <!-- Popuphandling -->
</testsuite> <!-- com.qa.testcases.HomePageTest -->
